Determining if the pthread_create exist failed with the following output:
Change Dir: /home/cs18/Desktop/Games101_homework/hw8/build/CMakeFiles/CMakeTmp

Run Build Command:"/usr/bin/make" "cmTC_21f43/fast"
/usr/bin/make -f CMakeFiles/cmTC_21f43.dir/build.make CMakeFiles/cmTC_21f43.dir/build
make[1]: Entering directory '/home/cs18/Desktop/Games101_homework/hw8/build/CMakeFiles/CMakeTmp'
Building C object CMakeFiles/cmTC_21f43.dir/CheckSymbolExists.c.o
/usr/bin/cc    -o CMakeFiles/cmTC_21f43.dir/CheckSymbolExists.c.o   -c /home/cs18/Desktop/Games101_homework/hw8/build/CMakeFiles/CMakeTmp/CheckSymbolExists.c
Linking C executable cmTC_21f43
/usr/bin/cmake -E cmake_link_script CMakeFiles/cmTC_21f43.dir/link.txt --verbose=1
/usr/bin/cc      -rdynamic CMakeFiles/cmTC_21f43.dir/CheckSymbolExists.c.o  -o cmTC_21f43 
CMakeFiles/cmTC_21f43.dir/CheckSymbolExists.c.o: In function `main':
CheckSymbolExists.c:(.text+0x1b): undefined reference to `pthread_create'
collect2: error: ld returned 1 exit status
CMakeFiles/cmTC_21f43.dir/build.make:97: recipe for target 'cmTC_21f43' failed
make[1]: *** [cmTC_21f43] Error 1
make[1]: Leaving directory '/home/cs18/Desktop/Games101_homework/hw8/build/CMakeFiles/CMakeTmp'
Makefile:126: recipe for target 'cmTC_21f43/fast' failed
make: *** [cmTC_21f43/fast] Error 2

File /home/cs18/Desktop/Games101_homework/hw8/build/CMakeFiles/CMakeTmp/CheckSymbolExists.c:
/* */
#include <pthread.h>

int main(int argc, char** argv)
{
  (void)argv;
#ifndef pthread_create
  return ((int*)(&pthread_create))[argc];
#else
  (void)argc;
  return 0;
#endif
}

Determining if the function pthread_create exists in the pthreads failed with the following output:
Change Dir: /home/cs18/Desktop/Games101_homework/hw8/build/CMakeFiles/CMakeTmp

Run Build Command:"/usr/bin/make" "cmTC_ab16a/fast"
/usr/bin/make -f CMakeFiles/cmTC_ab16a.dir/build.make CMakeFiles/cmTC_ab16a.dir/build
make[1]: Entering directory '/home/cs18/Desktop/Games101_homework/hw8/build/CMakeFiles/CMakeTmp'
Building C object CMakeFiles/cmTC_ab16a.dir/CheckFunctionExists.c.o
/usr/bin/cc   -DCHECK_FUNCTION_EXISTS=pthread_create   -o CMakeFiles/cmTC_ab16a.dir/CheckFunctionExists.c.o   -c /usr/share/cmake-3.10/Modules/CheckFunctionExists.c
Linking C executable cmTC_ab16a
/usr/bin/cmake -E cmake_link_script CMakeFiles/cmTC_ab16a.dir/link.txt --verbose=1
/usr/bin/cc  -DCHECK_FUNCTION_EXISTS=pthread_create    -rdynamic CMakeFiles/cmTC_ab16a.dir/CheckFunctionExists.c.o  -o cmTC_ab16a -lpthreads 
/usr/bin/ld: cannot find -lpthreads
collect2: error: ld returned 1 exit status
CMakeFiles/cmTC_ab16a.dir/build.make:97: recipe for target 'cmTC_ab16a' failed
make[1]: *** [cmTC_ab16a] Error 1
make[1]: Leaving directory '/home/cs18/Desktop/Games101_homework/hw8/build/CMakeFiles/CMakeTmp'
Makefile:126: recipe for target 'cmTC_ab16a/fast' failed
make: *** [cmTC_ab16a/fast] Error 2


Determining if the function glXGetProcAddressEXT exists failed with the following output:
Change Dir: /home/cs18/Desktop/Games101_homework/hw8/build/CMakeFiles/CMakeTmp

Run Build Command:"/usr/bin/make" "cmTC_b715d/fast"
/usr/bin/make -f CMakeFiles/cmTC_b715d.dir/build.make CMakeFiles/cmTC_b715d.dir/build
make[1]: Entering directory '/home/cs18/Desktop/Games101_homework/hw8/build/CMakeFiles/CMakeTmp'
Building C object CMakeFiles/cmTC_b715d.dir/CheckFunctionExists.c.o
/usr/bin/cc   -DCHECK_FUNCTION_EXISTS=glXGetProcAddressEXT   -o CMakeFiles/cmTC_b715d.dir/CheckFunctionExists.c.o   -c /usr/share/cmake-3.10/Modules/CheckFunctionExists.c
Linking C executable cmTC_b715d
/usr/bin/cmake -E cmake_link_script CMakeFiles/cmTC_b715d.dir/link.txt --verbose=1
/usr/bin/cc  -DCHECK_FUNCTION_EXISTS=glXGetProcAddressEXT    -rdynamic CMakeFiles/cmTC_b715d.dir/CheckFunctionExists.c.o  -o cmTC_b715d /usr/lib/x86_64-linux-gnu/libGL.so 
CMakeFiles/cmTC_b715d.dir/CheckFunctionExists.c.o: In function `main':
CheckFunctionExists.c:(.text+0x10): undefined reference to `glXGetProcAddressEXT'
collect2: error: ld returned 1 exit status
CMakeFiles/cmTC_b715d.dir/build.make:98: recipe for target 'cmTC_b715d' failed
make[1]: *** [cmTC_b715d] Error 1
make[1]: Leaving directory '/home/cs18/Desktop/Games101_homework/hw8/build/CMakeFiles/CMakeTmp'
Makefile:126: recipe for target 'cmTC_b715d/fast' failed
make: *** [cmTC_b715d/fast] Error 2


